Using pre-set license
Built from '2021.1/staging' branch; Version is '2021.1.0b1 (9f7c487dd2da) revision 10452040'; Using compiler version '192528614'; Build Type 'Release'
OS: 'Windows 10 Home; OS build 19041.685; Version 2004; 64bit' Language: 'en' Physical Memory: 32711 MB
BatchMode: 1, IsHumanControllingUs: 0, StartBugReporterOnCrash: 0, Is64bit: 1, IsPro: 0

 COMMAND LINE ARGUMENTS:
C:\Program Files\Unity\Hub\Editor\2021.1.0b1\Editor\Unity.exe
-adb2
-batchMode
-noUpm
-name
AssetImportWorker0
-projectPath
C:/Prgdir/Svelto/Svelto.MiniExamples/Example2-Unity Hybrid-Survival
-logFile
Logs/AssetImportWorker0.log
-srvPort
57367
Successfully changed project path to: C:/Prgdir/Svelto/Svelto.MiniExamples/Example2-Unity Hybrid-Survival
C:/Prgdir/Svelto/Svelto.MiniExamples/Example2-Unity Hybrid-Survival
Using Asset Import Pipeline V2.
Refreshing native plugins compatible for Editor in 23.01 ms, found 0 plugins.
Preloading 0 native plugins for Editor in 0.00 ms.
Initialize engine version: 2021.1.0b1 (9f7c487dd2da)
[Subsystems] Discovering subsystems at path C:/Program Files/Unity/Hub/Editor/2021.1.0b1/Editor/Data/Resources/UnitySubsystems
[Subsystems] Discovering subsystems at path C:/Prgdir/Svelto/Svelto.MiniExamples/Example2-Unity Hybrid-Survival/Assets
GfxDevice: creating device client; threaded=0; jobified=0
Direct3D:
    Version:  Direct3D 11.0 [level 11.1]
    Renderer: NVIDIA GeForce GTX 1060 6GB (ID=0x1c03)
    Vendor:   NVIDIA
    VRAM:     6052 MB
    Driver:   27.21.14.5206
Initialize mono
Mono path[0] = 'C:/Program Files/Unity/Hub/Editor/2021.1.0b1/Editor/Data/Managed'
Mono path[1] = 'C:/Program Files/Unity/Hub/Editor/2021.1.0b1/Editor/Data/MonoBleedingEdge/lib/mono/unityjit'
Mono config path = 'C:/Program Files/Unity/Hub/Editor/2021.1.0b1/Editor/Data/MonoBleedingEdge/etc'
Using monoOptions --debugger-agent=transport=dt_socket,embedding=1,server=y,suspend=n,address=127.0.0.1:56860
Begin MonoManager ReloadAssembly
Registering precompiled unity dll's ...
Register platform support module: C:/Program Files/Unity/Hub/Editor/2021.1.0b1/Editor/Data/PlaybackEngines/WebGLSupport/UnityEditor.WebGL.Extensions.dll
Register platform support module: C:/Program Files/Unity/Hub/Editor/2021.1.0b1/Editor/Data/PlaybackEngines/WindowsStandaloneSupport/UnityEditor.WindowsStandalone.Extensions.dll
Registered in 0.002122 seconds.
Native extension for WindowsStandalone target not found
Native extension for WebGL target not found
Refreshing native plugins compatible for Editor in 23.74 ms, found 0 plugins.
Preloading 0 native plugins for Editor in 0.00 ms.
Mono: successfully reloaded assembly
- Completed reload, in  1.418 seconds
Platform modules already initialized, skipping
Registering precompiled user dll's ...
Registered in 0.001184 seconds.
Begin MonoManager ReloadAssembly
Native extension for WindowsStandalone target not found
Native extension for WebGL target not found
Refreshing native plugins compatible for Editor in 0.17 ms, found 0 plugins.
Preloading 0 native plugins for Editor in 0.00 ms.
Mono: successfully reloaded assembly
- Completed reload, in  0.883 seconds
Platform modules already initialized, skipping
========================================================================
Worker process is ready to serve import requests
Launched and connected shader compiler UnityShaderCompiler.exe after 0.05 seconds
Refreshing native plugins compatible for Editor in 0.18 ms, found 0 plugins.
Preloading 0 native plugins for Editor in 0.00 ms.
Unloading 1365 Unused Serialized files (Serialized files now loaded: 0)
System memory in use before: 200.2 MB.
System memory in use after: 200.3 MB.

Unloading 10 unused Assets to reduce memory usage. Loaded Objects now: 1831.
Total: 1.561100 ms (FindLiveObjects: 0.106700 ms CreateObjectMapping: 0.037700 ms MarkObjects: 1.347100 ms  DeleteObjects: 0.068700 ms)

========================================================================
Received Import Request.
  path: Assets/Animation/HellephantAnimatorController.overrideController
  artifactKey: Guid(19b1058b58d5e314bb115a937b9bcf48) Importer(815301076,1909f56bfc062723c751e8b465ee728b)
Start importing Assets/Animation/HellephantAnimatorController.overrideController using Guid(19b1058b58d5e314bb115a937b9bcf48) Importer(815301076,1909f56bfc062723c751e8b465ee728b)  -> (artifact id: '5615fd74b80a6b76b8630213acebbf89') in 0.044571 seconds 
========================================================================
Received Import Request.
  Time since last request: 0.017239 seconds.
  path: Assets/Animation/PlayerAnimatorController.controller
  artifactKey: Guid(8360fd2187b2ccf4e910cb292f55710e) Importer(815301076,1909f56bfc062723c751e8b465ee728b)
Start importing Assets/Animation/PlayerAnimatorController.controller using Guid(8360fd2187b2ccf4e910cb292f55710e) Importer(815301076,1909f56bfc062723c751e8b465ee728b)  -> (artifact id: '4705c220d8fbffa97ce5587f4fa76955') in 0.005770 seconds 
========================================================================
Received Import Request.
  Time since last request: 36.891765 seconds.
  path: Assets/Models/Characters/Hellephant.fbx
  artifactKey: Guid(b77f122f451a2394898a24191c26107c) Importer(815301076,1909f56bfc062723c751e8b465ee728b)
Start importing Assets/Models/Characters/Hellephant.fbx using Guid(b77f122f451a2394898a24191c26107c) Importer(815301076,1909f56bfc062723c751e8b465ee728b)  -> (artifact id: '19cae81d9dc52b8f758dbf4616418289') in 0.348579 seconds 
========================================================================
Received Import Request.
  Time since last request: 0.017124 seconds.
  path: Assets/Models/Characters/ZomBear.fbx
  artifactKey: Guid(c236aa7ad6dcabe47abc7d2cf903ae71) Importer(815301076,1909f56bfc062723c751e8b465ee728b)
Start importing Assets/Models/Characters/ZomBear.fbx using Guid(c236aa7ad6dcabe47abc7d2cf903ae71) Importer(815301076,1909f56bfc062723c751e8b465ee728b)  -> (artifact id: 'd1b9ce50f81ac11e298570ced1022265') in 0.017273 seconds 
========================================================================
Received Import Request.
  Time since last request: 0.017180 seconds.
  path: Assets/Models/Characters/Player.fbx
  artifactKey: Guid(f1d84cc28597f5641a3d9cbc4df7e306) Importer(815301076,1909f56bfc062723c751e8b465ee728b)
Start importing Assets/Models/Characters/Player.fbx using Guid(f1d84cc28597f5641a3d9cbc4df7e306) Importer(815301076,1909f56bfc062723c751e8b465ee728b)  -> (artifact id: '58c2aa81c4b292a74b869fa09f794c35') in 0.038338 seconds 
========================================================================
Received Import Request.
  Time since last request: 0.018336 seconds.
  path: Assets/Models/Characters/Zombunny.fbx
  artifactKey: Guid(be66986effd141b4992d2d78be127139) Importer(815301076,1909f56bfc062723c751e8b465ee728b)
Start importing Assets/Models/Characters/Zombunny.fbx using Guid(be66986effd141b4992d2d78be127139) Importer(815301076,1909f56bfc062723c751e8b465ee728b)  -> (artifact id: 'c4cbe86fb029a23238752c413cfa3ea9') in 0.019436 seconds 
========================================================================
Received Prepare
Refreshing native plugins compatible for Editor in 0.73 ms, found 0 plugins.
Preloading 0 native plugins for Editor in 0.00 ms.
Unloading 4 Unused Serialized files (Serialized files now loaded: 0)
System memory in use before: 188.8 MB.
System memory in use after: 188.9 MB.

Unloading 3 unused Assets to reduce memory usage. Loaded Objects now: 1842.
Total: 2.126800 ms (FindLiveObjects: 0.143000 ms CreateObjectMapping: 0.058700 ms MarkObjects: 1.912800 ms  DeleteObjects: 0.011200 ms)

========================================================================
Received Prepare
Registering precompiled user dll's ...
Registered in 0.001010 seconds.
Begin MonoManager ReloadAssembly
Native extension for WindowsStandalone target not found
Native extension for WebGL target not found
Refreshing native plugins compatible for Editor in 0.17 ms, found 0 plugins.
Preloading 0 native plugins for Editor in 0.00 ms.
Mono: successfully reloaded assembly
- Completed reload, in  0.834 seconds
Platform modules already initialized, skipping
Refreshing native plugins compatible for Editor in 0.18 ms, found 0 plugins.
Preloading 0 native plugins for Editor in 0.00 ms.
Unloading 1347 Unused Serialized files (Serialized files now loaded: 0)
System memory in use before: 215.8 MB.
System memory in use after: 215.9 MB.

Unloading 5 unused Assets to reduce memory usage. Loaded Objects now: 1844.
Total: 1.577400 ms (FindLiveObjects: 0.140100 ms CreateObjectMapping: 0.054700 ms MarkObjects: 1.370500 ms  DeleteObjects: 0.011300 ms)

========================================================================
Received Prepare
Registering precompiled user dll's ...
Registered in 0.001341 seconds.
Begin MonoManager ReloadAssembly
Native extension for WindowsStandalone target not found
Native extension for WebGL target not found
Refreshing native plugins compatible for Editor in 0.17 ms, found 0 plugins.
Preloading 0 native plugins for Editor in 0.00 ms.
Mono: successfully reloaded assembly
- Completed reload, in  0.807 seconds
Platform modules already initialized, skipping
Refreshing native plugins compatible for Editor in 0.18 ms, found 0 plugins.
Preloading 0 native plugins for Editor in 0.00 ms.
Unloading 1348 Unused Serialized files (Serialized files now loaded: 0)
System memory in use before: 216.2 MB.
System memory in use after: 216.3 MB.

Unloading 5 unused Assets to reduce memory usage. Loaded Objects now: 1847.
Total: 1.609800 ms (FindLiveObjects: 0.108700 ms CreateObjectMapping: 0.031900 ms MarkObjects: 1.457500 ms  DeleteObjects: 0.011200 ms)

========================================================================
Received Prepare
Registering precompiled user dll's ...
Registered in 0.001018 seconds.
Begin MonoManager ReloadAssembly
Native extension for WindowsStandalone target not found
Native extension for WebGL target not found
Refreshing native plugins compatible for Editor in 0.17 ms, found 0 plugins.
Preloading 0 native plugins for Editor in 0.00 ms.
Mono: successfully reloaded assembly
- Completed reload, in  1.039 seconds
Platform modules already initialized, skipping
Refreshing native plugins compatible for Editor in 0.18 ms, found 0 plugins.
Preloading 0 native plugins for Editor in 0.00 ms.
Unloading 1348 Unused Serialized files (Serialized files now loaded: 0)
System memory in use before: 216.5 MB.
System memory in use after: 216.6 MB.

Unloading 5 unused Assets to reduce memory usage. Loaded Objects now: 1849.
Total: 1.406300 ms (FindLiveObjects: 0.106800 ms CreateObjectMapping: 0.034800 ms MarkObjects: 1.252000 ms  DeleteObjects: 0.011800 ms)

========================================================================
Received Prepare
Registering precompiled user dll's ...
Registered in 0.001028 seconds.
Begin MonoManager ReloadAssembly
Native extension for WindowsStandalone target not found
Native extension for WebGL target not found
Refreshing native plugins compatible for Editor in 0.17 ms, found 0 plugins.
Preloading 0 native plugins for Editor in 0.00 ms.
Mono: successfully reloaded assembly
- Completed reload, in  0.830 seconds
Platform modules already initialized, skipping
Refreshing native plugins compatible for Editor in 0.17 ms, found 0 plugins.
Preloading 0 native plugins for Editor in 0.00 ms.
Unloading 1348 Unused Serialized files (Serialized files now loaded: 0)
System memory in use before: 216.8 MB.
System memory in use after: 216.9 MB.

Unloading 5 unused Assets to reduce memory usage. Loaded Objects now: 1851.
Total: 1.693800 ms (FindLiveObjects: 0.283600 ms CreateObjectMapping: 0.036700 ms MarkObjects: 1.361000 ms  DeleteObjects: 0.011700 ms)

========================================================================
Received Prepare
Registering precompiled user dll's ...
Registered in 0.001024 seconds.
Begin MonoManager ReloadAssembly
Native extension for WindowsStandalone target not found
Native extension for WebGL target not found
Refreshing native plugins compatible for Editor in 0.21 ms, found 0 plugins.
Preloading 0 native plugins for Editor in 0.00 ms.
Mono: successfully reloaded assembly
- Completed reload, in  1.050 seconds
Platform modules already initialized, skipping
Refreshing native plugins compatible for Editor in 0.28 ms, found 0 plugins.
Preloading 0 native plugins for Editor in 0.00 ms.
Unloading 1348 Unused Serialized files (Serialized files now loaded: 0)
System memory in use before: 216.2 MB.
System memory in use after: 216.3 MB.

Unloading 5 unused Assets to reduce memory usage. Loaded Objects now: 1853.
Total: 1.741900 ms (FindLiveObjects: 0.153200 ms CreateObjectMapping: 0.043500 ms MarkObjects: 1.527100 ms  DeleteObjects: 0.016500 ms)

========================================================================
Received Prepare
Registering precompiled user dll's ...
Registered in 0.000994 seconds.
Begin MonoManager ReloadAssembly
Native extension for WindowsStandalone target not found
Native extension for WebGL target not found
Refreshing native plugins compatible for Editor in 0.17 ms, found 0 plugins.
Preloading 0 native plugins for Editor in 0.00 ms.
Mono: successfully reloaded assembly
- Completed reload, in  1.058 seconds
Platform modules already initialized, skipping
Refreshing native plugins compatible for Editor in 0.20 ms, found 0 plugins.
Preloading 0 native plugins for Editor in 0.00 ms.
Unloading 1348 Unused Serialized files (Serialized files now loaded: 0)
System memory in use before: 216.6 MB.
System memory in use after: 216.7 MB.

Unloading 5 unused Assets to reduce memory usage. Loaded Objects now: 1855.
Total: 1.373600 ms (FindLiveObjects: 0.097400 ms CreateObjectMapping: 0.032800 ms MarkObjects: 1.232600 ms  DeleteObjects: 0.010200 ms)

========================================================================
Received Prepare
Registering precompiled user dll's ...
Registered in 0.000988 seconds.
Begin MonoManager ReloadAssembly
Native extension for WindowsStandalone target not found
Native extension for WebGL target not found
Refreshing native plugins compatible for Editor in 0.26 ms, found 0 plugins.
Preloading 0 native plugins for Editor in 0.00 ms.
Mono: successfully reloaded assembly
- Completed reload, in  0.843 seconds
Platform modules already initialized, skipping
Refreshing native plugins compatible for Editor in 0.19 ms, found 0 plugins.
Preloading 0 native plugins for Editor in 0.00 ms.
Unloading 1348 Unused Serialized files (Serialized files now loaded: 0)
System memory in use before: 216.9 MB.
System memory in use after: 217.0 MB.

Unloading 5 unused Assets to reduce memory usage. Loaded Objects now: 1857.
Total: 1.769400 ms (FindLiveObjects: 0.145700 ms CreateObjectMapping: 0.059600 ms MarkObjects: 1.553200 ms  DeleteObjects: 0.010400 ms)

========================================================================
Received Prepare
Registering precompiled user dll's ...
Registered in 0.001009 seconds.
Begin MonoManager ReloadAssembly
Native extension for WindowsStandalone target not found
Native extension for WebGL target not found
Refreshing native plugins compatible for Editor in 0.17 ms, found 0 plugins.
Preloading 0 native plugins for Editor in 0.00 ms.
Mono: successfully reloaded assembly
- Completed reload, in  0.873 seconds
Platform modules already initialized, skipping
Refreshing native plugins compatible for Editor in 0.18 ms, found 0 plugins.
Preloading 0 native plugins for Editor in 0.00 ms.
Unloading 1348 Unused Serialized files (Serialized files now loaded: 0)
System memory in use before: 216.2 MB.
System memory in use after: 216.3 MB.

Unloading 5 unused Assets to reduce memory usage. Loaded Objects now: 1859.
Total: 1.515200 ms (FindLiveObjects: 0.113400 ms CreateObjectMapping: 0.034800 ms MarkObjects: 1.354900 ms  DeleteObjects: 0.011200 ms)

========================================================================
Received Prepare
Registering precompiled user dll's ...
Registered in 0.001067 seconds.
Begin MonoManager ReloadAssembly
Native extension for WindowsStandalone target not found
Native extension for WebGL target not found
Refreshing native plugins compatible for Editor in 0.18 ms, found 0 plugins.
Preloading 0 native plugins for Editor in 0.00 ms.
Mono: successfully reloaded assembly
- Completed reload, in  0.764 seconds
Platform modules already initialized, skipping
Refreshing native plugins compatible for Editor in 0.17 ms, found 0 plugins.
Preloading 0 native plugins for Editor in 0.00 ms.
Unloading 1348 Unused Serialized files (Serialized files now loaded: 0)
System memory in use before: 216.6 MB.
System memory in use after: 216.7 MB.

Unloading 5 unused Assets to reduce memory usage. Loaded Objects now: 1861.
Total: 1.698000 ms (FindLiveObjects: 0.100600 ms CreateObjectMapping: 0.035100 ms MarkObjects: 1.550100 ms  DeleteObjects: 0.011600 ms)

========================================================================
Received Prepare
Registering precompiled user dll's ...
Registered in 0.001484 seconds.
Begin MonoManager ReloadAssembly
Native extension for WindowsStandalone target not found
Native extension for WebGL target not found
Refreshing native plugins compatible for Editor in 0.18 ms, found 0 plugins.
Preloading 0 native plugins for Editor in 0.00 ms.
Mono: successfully reloaded assembly
- Completed reload, in  0.795 seconds
Platform modules already initialized, skipping
Refreshing native plugins compatible for Editor in 0.17 ms, found 0 plugins.
Preloading 0 native plugins for Editor in 0.00 ms.
Unloading 1348 Unused Serialized files (Serialized files now loaded: 0)
System memory in use before: 216.9 MB.
System memory in use after: 217.0 MB.

Unloading 5 unused Assets to reduce memory usage. Loaded Objects now: 1863.
Total: 1.705600 ms (FindLiveObjects: 0.115900 ms CreateObjectMapping: 0.037600 ms MarkObjects: 1.541600 ms  DeleteObjects: 0.009800 ms)

========================================================================
Received Prepare
Registering precompiled user dll's ...
Registered in 0.001030 seconds.
Begin MonoManager ReloadAssembly
Native extension for WindowsStandalone target not found
Native extension for WebGL target not found
Refreshing native plugins compatible for Editor in 0.35 ms, found 0 plugins.
Preloading 0 native plugins for Editor in 0.00 ms.
Mono: successfully reloaded assembly
- Completed reload, in  1.082 seconds
Platform modules already initialized, skipping
Refreshing native plugins compatible for Editor in 0.18 ms, found 0 plugins.
Preloading 0 native plugins for Editor in 0.00 ms.
Unloading 1348 Unused Serialized files (Serialized files now loaded: 0)
System memory in use before: 216.3 MB.
System memory in use after: 216.4 MB.

Unloading 5 unused Assets to reduce memory usage. Loaded Objects now: 1865.
Total: 1.527600 ms (FindLiveObjects: 0.145900 ms CreateObjectMapping: 0.041900 ms MarkObjects: 1.328100 ms  DeleteObjects: 0.010800 ms)

========================================================================
Received Prepare
Registering precompiled user dll's ...
Registered in 0.000991 seconds.
Begin MonoManager ReloadAssembly
Native extension for WindowsStandalone target not found
Native extension for WebGL target not found
Refreshing native plugins compatible for Editor in 0.23 ms, found 0 plugins.
Preloading 0 native plugins for Editor in 0.00 ms.
Mono: successfully reloaded assembly
- Completed reload, in  0.816 seconds
Platform modules already initialized, skipping
Refreshing native plugins compatible for Editor in 0.18 ms, found 0 plugins.
Preloading 0 native plugins for Editor in 0.00 ms.
Unloading 1348 Unused Serialized files (Serialized files now loaded: 0)
System memory in use before: 216.6 MB.
System memory in use after: 216.7 MB.

Unloading 5 unused Assets to reduce memory usage. Loaded Objects now: 1867.
Total: 1.476200 ms (FindLiveObjects: 0.104200 ms CreateObjectMapping: 0.036500 ms MarkObjects: 1.323400 ms  DeleteObjects: 0.011000 ms)

========================================================================
Received Prepare
Registering precompiled user dll's ...
Registered in 0.000996 seconds.
Begin MonoManager ReloadAssembly
Native extension for WindowsStandalone target not found
Native extension for WebGL target not found
Refreshing native plugins compatible for Editor in 0.18 ms, found 0 plugins.
Preloading 0 native plugins for Editor in 0.00 ms.
Mono: successfully reloaded assembly
- Completed reload, in  0.904 seconds
Platform modules already initialized, skipping
Refreshing native plugins compatible for Editor in 0.17 ms, found 0 plugins.
Preloading 0 native plugins for Editor in 0.00 ms.
Unloading 1348 Unused Serialized files (Serialized files now loaded: 0)
System memory in use before: 216.9 MB.
System memory in use after: 217.0 MB.

Unloading 5 unused Assets to reduce memory usage. Loaded Objects now: 1869.
Total: 1.496900 ms (FindLiveObjects: 0.099400 ms CreateObjectMapping: 0.033400 ms MarkObjects: 1.352100 ms  DeleteObjects: 0.011400 ms)

========================================================================
Received Prepare
Registering precompiled user dll's ...
Registered in 0.000988 seconds.
Begin MonoManager ReloadAssembly
Native extension for WindowsStandalone target not found
Native extension for WebGL target not found
Refreshing native plugins compatible for Editor in 0.19 ms, found 0 plugins.
Preloading 0 native plugins for Editor in 0.00 ms.
Mono: successfully reloaded assembly
- Completed reload, in  0.869 seconds
Platform modules already initialized, skipping
Refreshing native plugins compatible for Editor in 0.17 ms, found 0 plugins.
Preloading 0 native plugins for Editor in 0.00 ms.
Unloading 1348 Unused Serialized files (Serialized files now loaded: 0)
System memory in use before: 216.3 MB.
System memory in use after: 216.4 MB.

Unloading 5 unused Assets to reduce memory usage. Loaded Objects now: 1871.
Total: 1.667300 ms (FindLiveObjects: 0.112600 ms CreateObjectMapping: 0.038600 ms MarkObjects: 1.503500 ms  DeleteObjects: 0.011900 ms)

========================================================================
Received Prepare
Registering precompiled user dll's ...
Registered in 0.000988 seconds.
Begin MonoManager ReloadAssembly
Native extension for WindowsStandalone target not found
Native extension for WebGL target not found
Refreshing native plugins compatible for Editor in 0.22 ms, found 0 plugins.
Preloading 0 native plugins for Editor in 0.00 ms.
Mono: successfully reloaded assembly
- Completed reload, in  1.148 seconds
Platform modules already initialized, skipping
Refreshing native plugins compatible for Editor in 0.17 ms, found 0 plugins.
Preloading 0 native plugins for Editor in 0.00 ms.
Unloading 1348 Unused Serialized files (Serialized files now loaded: 0)
System memory in use before: 216.6 MB.
System memory in use after: 216.7 MB.

Unloading 5 unused Assets to reduce memory usage. Loaded Objects now: 1873.
Total: 2.369700 ms (FindLiveObjects: 0.185100 ms CreateObjectMapping: 0.068100 ms MarkObjects: 2.101200 ms  DeleteObjects: 0.014100 ms)

========================================================================
Received Prepare
Registering precompiled user dll's ...
Registered in 0.001063 seconds.
Begin MonoManager ReloadAssembly
Native extension for WindowsStandalone target not found
Native extension for WebGL target not found
Refreshing native plugins compatible for Editor in 0.17 ms, found 0 plugins.
Preloading 0 native plugins for Editor in 0.00 ms.
Mono: successfully reloaded assembly
- Completed reload, in  1.237 seconds
Platform modules already initialized, skipping
Refreshing native plugins compatible for Editor in 0.27 ms, found 0 plugins.
Preloading 0 native plugins for Editor in 0.00 ms.
Unloading 1348 Unused Serialized files (Serialized files now loaded: 0)
System memory in use before: 216.9 MB.
System memory in use after: 217.0 MB.

Unloading 5 unused Assets to reduce memory usage. Loaded Objects now: 1875.
Total: 2.974500 ms (FindLiveObjects: 0.176700 ms CreateObjectMapping: 0.159000 ms MarkObjects: 2.602800 ms  DeleteObjects: 0.034700 ms)

========================================================================
Received Prepare
Registering precompiled user dll's ...
Registered in 0.001439 seconds.
Begin MonoManager ReloadAssembly
Native extension for WindowsStandalone target not found
Native extension for WebGL target not found
Refreshing native plugins compatible for Editor in 0.20 ms, found 0 plugins.
Preloading 0 native plugins for Editor in 0.00 ms.
Mono: successfully reloaded assembly
- Completed reload, in  0.770 seconds
Platform modules already initialized, skipping
Refreshing native plugins compatible for Editor in 0.17 ms, found 0 plugins.
Preloading 0 native plugins for Editor in 0.00 ms.
Unloading 1348 Unused Serialized files (Serialized files now loaded: 0)
System memory in use before: 216.3 MB.
System memory in use after: 216.4 MB.

Unloading 5 unused Assets to reduce memory usage. Loaded Objects now: 1877.
Total: 1.388500 ms (FindLiveObjects: 0.113000 ms CreateObjectMapping: 0.035900 ms MarkObjects: 1.229400 ms  DeleteObjects: 0.009600 ms)

========================================================================
Received Prepare
Registering precompiled user dll's ...
Registered in 0.001047 seconds.
Begin MonoManager ReloadAssembly
Native extension for WindowsStandalone target not found
Native extension for WebGL target not found
Refreshing native plugins compatible for Editor in 0.17 ms, found 0 plugins.
Preloading 0 native plugins for Editor in 0.00 ms.
Mono: successfully reloaded assembly
- Completed reload, in  0.841 seconds
Platform modules already initialized, skipping
Refreshing native plugins compatible for Editor in 0.17 ms, found 0 plugins.
Preloading 0 native plugins for Editor in 0.00 ms.
Unloading 1348 Unused Serialized files (Serialized files now loaded: 0)
System memory in use before: 216.7 MB.
System memory in use after: 216.8 MB.

Unloading 5 unused Assets to reduce memory usage. Loaded Objects now: 1879.
Total: 1.558200 ms (FindLiveObjects: 0.154200 ms CreateObjectMapping: 0.065700 ms MarkObjects: 1.325600 ms  DeleteObjects: 0.012100 ms)

========================================================================
Received Prepare
Registering precompiled user dll's ...
Registered in 0.001003 seconds.
Begin MonoManager ReloadAssembly
Native extension for WindowsStandalone target not found
Native extension for WebGL target not found
Refreshing native plugins compatible for Editor in 0.17 ms, found 0 plugins.
Preloading 0 native plugins for Editor in 0.00 ms.
Mono: successfully reloaded assembly
- Completed reload, in  0.848 seconds
Platform modules already initialized, skipping
Refreshing native plugins compatible for Editor in 0.17 ms, found 0 plugins.
Preloading 0 native plugins for Editor in 0.00 ms.
Unloading 1348 Unused Serialized files (Serialized files now loaded: 0)
System memory in use before: 217.0 MB.
System memory in use after: 217.1 MB.

Unloading 5 unused Assets to reduce memory usage. Loaded Objects now: 1881.
Total: 1.387000 ms (FindLiveObjects: 0.109800 ms CreateObjectMapping: 0.038000 ms MarkObjects: 1.227700 ms  DeleteObjects: 0.010700 ms)

========================================================================
Received Prepare
Registering precompiled user dll's ...
Registered in 0.000999 seconds.
Begin MonoManager ReloadAssembly
Native extension for WindowsStandalone target not found
Native extension for WebGL target not found
Refreshing native plugins compatible for Editor in 0.17 ms, found 0 plugins.
Preloading 0 native plugins for Editor in 0.00 ms.
Mono: successfully reloaded assembly
- Completed reload, in  0.812 seconds
Platform modules already initialized, skipping
Refreshing native plugins compatible for Editor in 0.18 ms, found 0 plugins.
Preloading 0 native plugins for Editor in 0.00 ms.
Unloading 1348 Unused Serialized files (Serialized files now loaded: 0)
System memory in use before: 216.3 MB.
System memory in use after: 216.4 MB.

Unloading 5 unused Assets to reduce memory usage. Loaded Objects now: 1883.
Total: 1.634200 ms (FindLiveObjects: 0.114100 ms CreateObjectMapping: 0.032100 ms MarkObjects: 1.474400 ms  DeleteObjects: 0.012800 ms)

========================================================================
Received Prepare
Registering precompiled user dll's ...
Registered in 0.001408 seconds.
Begin MonoManager ReloadAssembly
Native extension for WindowsStandalone target not found
Native extension for WebGL target not found
Refreshing native plugins compatible for Editor in 0.23 ms, found 0 plugins.
Preloading 0 native plugins for Editor in 0.00 ms.
Mono: successfully reloaded assembly
- Completed reload, in  0.781 seconds
Platform modules already initialized, skipping
Refreshing native plugins compatible for Editor in 0.17 ms, found 0 plugins.
Preloading 0 native plugins for Editor in 0.00 ms.
Unloading 1348 Unused Serialized files (Serialized files now loaded: 0)
System memory in use before: 216.7 MB.
System memory in use after: 216.8 MB.

Unloading 5 unused Assets to reduce memory usage. Loaded Objects now: 1885.
Total: 1.587500 ms (FindLiveObjects: 0.102500 ms CreateObjectMapping: 0.033600 ms MarkObjects: 1.440400 ms  DeleteObjects: 0.010400 ms)

========================================================================
Received Import Request.
  Time since last request: 3555.552862 seconds.
  path: Assets/Json/EnemySpawningData.json
  artifactKey: Guid(eaaca9dc961bce8458ddd643b497f542) Importer(815301076,1909f56bfc062723c751e8b465ee728b)
Start importing Assets/Json/EnemySpawningData.json using Guid(eaaca9dc961bce8458ddd643b497f542) Importer(815301076,1909f56bfc062723c751e8b465ee728b)  -> (artifact id: '64c8276dda499af7f8d78ce72a9d9bb1') in 0.017575 seconds 
========================================================================
Received Import Request.
  Time since last request: 20.067616 seconds.
  path: Assets/Json/EnemyAttackData.json
  artifactKey: Guid(0f97e03e8646d2f4e9de2138f5ba629c) Importer(815301076,1909f56bfc062723c751e8b465ee728b)
Start importing Assets/Json/EnemyAttackData.json using Guid(0f97e03e8646d2f4e9de2138f5ba629c) Importer(815301076,1909f56bfc062723c751e8b465ee728b)  -> (artifact id: 'a70619c47c0a9a8b321df7938470364a') in 0.002729 seconds 
========================================================================
Received Prepare
Registering precompiled user dll's ...
Registered in 0.001066 seconds.
Begin MonoManager ReloadAssembly
Native extension for WindowsStandalone target not found
Native extension for WebGL target not found
Refreshing native plugins compatible for Editor in 0.17 ms, found 0 plugins.
Preloading 0 native plugins for Editor in 0.00 ms.
Mono: successfully reloaded assembly
- Completed reload, in  0.764 seconds
Platform modules already initialized, skipping
Refreshing native plugins compatible for Editor in 0.17 ms, found 0 plugins.
Preloading 0 native plugins for Editor in 0.00 ms.
Unloading 1348 Unused Serialized files (Serialized files now loaded: 0)
System memory in use before: 217.0 MB.
System memory in use after: 217.1 MB.

Unloading 5 unused Assets to reduce memory usage. Loaded Objects now: 1887.
Total: 1.612300 ms (FindLiveObjects: 0.104200 ms CreateObjectMapping: 0.035700 ms MarkObjects: 1.460800 ms  DeleteObjects: 0.010900 ms)

========================================================================
Received Prepare
Registering precompiled user dll's ...
Registered in 0.001226 seconds.
Begin MonoManager ReloadAssembly
Native extension for WindowsStandalone target not found
Native extension for WebGL target not found
Refreshing native plugins compatible for Editor in 0.17 ms, found 0 plugins.
Preloading 0 native plugins for Editor in 0.00 ms.
Mono: successfully reloaded assembly
- Completed reload, in  0.764 seconds
Platform modules already initialized, skipping
Refreshing native plugins compatible for Editor in 0.17 ms, found 0 plugins.
Preloading 0 native plugins for Editor in 0.00 ms.
Unloading 1348 Unused Serialized files (Serialized files now loaded: 0)
System memory in use before: 216.4 MB.
System memory in use after: 216.5 MB.

Unloading 5 unused Assets to reduce memory usage. Loaded Objects now: 1889.
Total: 1.675000 ms (FindLiveObjects: 0.120600 ms CreateObjectMapping: 0.034900 ms MarkObjects: 1.506000 ms  DeleteObjects: 0.012600 ms)

========================================================================
Received Prepare
Registering precompiled user dll's ...
Registered in 0.001068 seconds.
Begin MonoManager ReloadAssembly
Native extension for WindowsStandalone target not found
Native extension for WebGL target not found
Refreshing native plugins compatible for Editor in 0.17 ms, found 0 plugins.
Preloading 0 native plugins for Editor in 0.00 ms.
Mono: successfully reloaded assembly
- Completed reload, in  0.852 seconds
Platform modules already initialized, skipping
Refreshing native plugins compatible for Editor in 0.18 ms, found 0 plugins.
Preloading 0 native plugins for Editor in 0.00 ms.
Unloading 1348 Unused Serialized files (Serialized files now loaded: 0)
System memory in use before: 216.7 MB.
System memory in use after: 216.8 MB.

Unloading 5 unused Assets to reduce memory usage. Loaded Objects now: 1891.
Total: 1.469000 ms (FindLiveObjects: 0.104300 ms CreateObjectMapping: 0.037100 ms MarkObjects: 1.315200 ms  DeleteObjects: 0.011700 ms)

========================================================================
Received Prepare
Registering precompiled user dll's ...
Registered in 0.001006 seconds.
Begin MonoManager ReloadAssembly
Native extension for WindowsStandalone target not found
Native extension for WebGL target not found
Refreshing native plugins compatible for Editor in 0.17 ms, found 0 plugins.
Preloading 0 native plugins for Editor in 0.00 ms.
Mono: successfully reloaded assembly
- Completed reload, in  0.814 seconds
Platform modules already initialized, skipping
Refreshing native plugins compatible for Editor in 0.17 ms, found 0 plugins.
Preloading 0 native plugins for Editor in 0.00 ms.
Unloading 1348 Unused Serialized files (Serialized files now loaded: 0)
System memory in use before: 217.0 MB.
System memory in use after: 217.1 MB.

Unloading 5 unused Assets to reduce memory usage. Loaded Objects now: 1893.
Total: 1.730200 ms (FindLiveObjects: 0.116700 ms CreateObjectMapping: 0.031500 ms MarkObjects: 1.570200 ms  DeleteObjects: 0.011300 ms)

========================================================================
Received Prepare
Registering precompiled user dll's ...
Registered in 0.001419 seconds.
Begin MonoManager ReloadAssembly
Native extension for WindowsStandalone target not found
Native extension for WebGL target not found
Refreshing native plugins compatible for Editor in 0.17 ms, found 0 plugins.
Preloading 0 native plugins for Editor in 0.00 ms.
Mono: successfully reloaded assembly
- Completed reload, in  1.204 seconds
Platform modules already initialized, skipping
Refreshing native plugins compatible for Editor in 0.27 ms, found 0 plugins.
Preloading 0 native plugins for Editor in 0.00 ms.
Unloading 1348 Unused Serialized files (Serialized files now loaded: 0)
System memory in use before: 216.4 MB.
System memory in use after: 216.5 MB.

Unloading 5 unused Assets to reduce memory usage. Loaded Objects now: 1895.
Total: 1.555400 ms (FindLiveObjects: 0.112000 ms CreateObjectMapping: 0.039500 ms MarkObjects: 1.390000 ms  DeleteObjects: 0.013200 ms)

========================================================================
Received Prepare
Registering precompiled user dll's ...
Registered in 0.000993 seconds.
Begin MonoManager ReloadAssembly
Native extension for WindowsStandalone target not found
Native extension for WebGL target not found
Refreshing native plugins compatible for Editor in 0.18 ms, found 0 plugins.
Preloading 0 native plugins for Editor in 0.00 ms.
Mono: successfully reloaded assembly
- Completed reload, in  0.771 seconds
Platform modules already initialized, skipping
Refreshing native plugins compatible for Editor in 0.19 ms, found 0 plugins.
Preloading 0 native plugins for Editor in 0.00 ms.
Unloading 1348 Unused Serialized files (Serialized files now loaded: 0)
System memory in use before: 216.8 MB.
System memory in use after: 216.9 MB.

Unloading 5 unused Assets to reduce memory usage. Loaded Objects now: 1897.
Total: 1.573900 ms (FindLiveObjects: 0.113700 ms CreateObjectMapping: 0.033400 ms MarkObjects: 1.415700 ms  DeleteObjects: 0.010400 ms)

========================================================================
Received Prepare
Registering precompiled user dll's ...
Registered in 0.001039 seconds.
Begin MonoManager ReloadAssembly
Native extension for WindowsStandalone target not found
Native extension for WebGL target not found
Refreshing native plugins compatible for Editor in 0.18 ms, found 0 plugins.
Preloading 0 native plugins for Editor in 0.00 ms.
Mono: successfully reloaded assembly
- Completed reload, in  0.804 seconds
Platform modules already initialized, skipping
Refreshing native plugins compatible for Editor in 0.17 ms, found 0 plugins.
Preloading 0 native plugins for Editor in 0.00 ms.
Unloading 1348 Unused Serialized files (Serialized files now loaded: 0)
System memory in use before: 217.0 MB.
System memory in use after: 217.1 MB.

Unloading 5 unused Assets to reduce memory usage. Loaded Objects now: 1899.
Total: 1.979300 ms (FindLiveObjects: 0.117200 ms CreateObjectMapping: 0.036700 ms MarkObjects: 1.811800 ms  DeleteObjects: 0.013000 ms)

========================================================================
Received Prepare
Registering precompiled user dll's ...
Registered in 0.001085 seconds.
Begin MonoManager ReloadAssembly
Native extension for WindowsStandalone target not found
Native extension for WebGL target not found
Refreshing native plugins compatible for Editor in 0.19 ms, found 0 plugins.
Preloading 0 native plugins for Editor in 0.00 ms.
Mono: successfully reloaded assembly
- Completed reload, in  0.870 seconds
Platform modules already initialized, skipping
Refreshing native plugins compatible for Editor in 0.18 ms, found 0 plugins.
Preloading 0 native plugins for Editor in 0.00 ms.
Unloading 1348 Unused Serialized files (Serialized files now loaded: 0)
System memory in use before: 216.5 MB.
System memory in use after: 216.6 MB.

Unloading 5 unused Assets to reduce memory usage. Loaded Objects now: 1901.
Total: 1.669900 ms (FindLiveObjects: 0.160600 ms CreateObjectMapping: 0.048700 ms MarkObjects: 1.447000 ms  DeleteObjects: 0.012600 ms)

========================================================================
Received Prepare
Registering precompiled user dll's ...
Registered in 0.000997 seconds.
Begin MonoManager ReloadAssembly
Native extension for WindowsStandalone target not found
Native extension for WebGL target not found
Refreshing native plugins compatible for Editor in 0.18 ms, found 0 plugins.
Preloading 0 native plugins for Editor in 0.00 ms.
Mono: successfully reloaded assembly
- Completed reload, in  0.831 seconds
Platform modules already initialized, skipping
Refreshing native plugins compatible for Editor in 0.17 ms, found 0 plugins.
Preloading 0 native plugins for Editor in 0.00 ms.
Unloading 1348 Unused Serialized files (Serialized files now loaded: 0)
System memory in use before: 216.8 MB.
System memory in use after: 216.9 MB.

Unloading 5 unused Assets to reduce memory usage. Loaded Objects now: 1903.
Total: 1.709700 ms (FindLiveObjects: 0.104600 ms CreateObjectMapping: 0.038100 ms MarkObjects: 1.555800 ms  DeleteObjects: 0.010500 ms)

========================================================================
Received Prepare
Registering precompiled user dll's ...
Registered in 0.001006 seconds.
Begin MonoManager ReloadAssembly
Native extension for WindowsStandalone target not found
Native extension for WebGL target not found
Refreshing native plugins compatible for Editor in 0.17 ms, found 0 plugins.
Preloading 0 native plugins for Editor in 0.00 ms.
Mono: successfully reloaded assembly
- Completed reload, in  0.835 seconds
Platform modules already initialized, skipping
Refreshing native plugins compatible for Editor in 0.18 ms, found 0 plugins.
Preloading 0 native plugins for Editor in 0.00 ms.
Unloading 1348 Unused Serialized files (Serialized files now loaded: 0)
System memory in use before: 217.0 MB.
System memory in use after: 217.1 MB.

Unloading 5 unused Assets to reduce memory usage. Loaded Objects now: 1905.
Total: 1.713000 ms (FindLiveObjects: 0.154100 ms CreateObjectMapping: 0.061300 ms MarkObjects: 1.485400 ms  DeleteObjects: 0.011300 ms)

========================================================================
Received Prepare
Registering precompiled user dll's ...
Registered in 0.001044 seconds.
Begin MonoManager ReloadAssembly
Native extension for WindowsStandalone target not found
Native extension for WebGL target not found
Refreshing native plugins compatible for Editor in 0.17 ms, found 0 plugins.
Preloading 0 native plugins for Editor in 0.00 ms.
Mono: successfully reloaded assembly
- Completed reload, in  0.808 seconds
Platform modules already initialized, skipping
Refreshing native plugins compatible for Editor in 0.17 ms, found 0 plugins.
Preloading 0 native plugins for Editor in 0.00 ms.
Unloading 1348 Unused Serialized files (Serialized files now loaded: 0)
System memory in use before: 216.5 MB.
System memory in use after: 216.6 MB.

Unloading 5 unused Assets to reduce memory usage. Loaded Objects now: 1907.
Total: 1.625600 ms (FindLiveObjects: 0.111400 ms CreateObjectMapping: 0.039300 ms MarkObjects: 1.463500 ms  DeleteObjects: 0.010600 ms)

========================================================================
Received Import Request.
  Time since last request: 10255.833806 seconds.
  path: Assets/Models/Environment/Arches.fbx
  artifactKey: Guid(83ce4d1897bf5de438ba201190387a04) Importer(815301076,1909f56bfc062723c751e8b465ee728b)
Start importing Assets/Models/Environment/Arches.fbx using Guid(83ce4d1897bf5de438ba201190387a04) Importer(815301076,1909f56bfc062723c751e8b465ee728b)  -> (artifact id: '5ef462a4d195bf95ca1e980a9e33d6cf') in 0.080574 seconds 
========================================================================
Received Import Request.
  Time since last request: 0.017384 seconds.
  path: Assets/Models/Environment/Firetruck.fbx
  artifactKey: Guid(66756304be5ae4545bcbdef9ff1489b2) Importer(815301076,1909f56bfc062723c751e8b465ee728b)
Start importing Assets/Models/Environment/Firetruck.fbx using Guid(66756304be5ae4545bcbdef9ff1489b2) Importer(815301076,1909f56bfc062723c751e8b465ee728b)  -> (artifact id: 'daed924e5d3b0d0500c092406a93027f') in 0.013248 seconds 
========================================================================
Received Import Request.
  Time since last request: 0.016368 seconds.
  path: Assets/Models/Environment/Hearse.FBX
  artifactKey: Guid(a61ec2d2f7d16b04aa9b4ab2ba9095c9) Importer(815301076,1909f56bfc062723c751e8b465ee728b)
Start importing Assets/Models/Environment/Hearse.FBX using Guid(a61ec2d2f7d16b04aa9b4ab2ba9095c9) Importer(815301076,1909f56bfc062723c751e8b465ee728b)  -> (artifact id: 'b0d333e755f106063f88da0774316b55') in 0.014320 seconds 
========================================================================
Received Import Request.
  Time since last request: 0.014700 seconds.
  path: Assets/Models/Environment/Robot.FBX
  artifactKey: Guid(d19e7b90b0f3b4549bcf11cf1d4987c0) Importer(815301076,1909f56bfc062723c751e8b465ee728b)
Start importing Assets/Models/Environment/Robot.FBX using Guid(d19e7b90b0f3b4549bcf11cf1d4987c0) Importer(815301076,1909f56bfc062723c751e8b465ee728b)  -> (artifact id: 'b879726043b4ff7f5c251d10d21e8cfc') in 0.011508 seconds 
========================================================================
Received Import Request.
  Time since last request: 0.017313 seconds.
  path: Assets/Models/Environment/SpinningTop.fbx
  artifactKey: Guid(f3ae2f327b1ccba488153e136bd96969) Importer(815301076,1909f56bfc062723c751e8b465ee728b)
Start importing Assets/Models/Environment/SpinningTop.fbx using Guid(f3ae2f327b1ccba488153e136bd96969) Importer(815301076,1909f56bfc062723c751e8b465ee728b)  -> (artifact id: 'a6b96e57ced910d9d744ba4164d66e32') in 0.011289 seconds 
========================================================================
Received Import Request.
  Time since last request: 0.016676 seconds.
  path: Assets/Models/Environment/Wall.FBX
  artifactKey: Guid(cd89b29b93f735d4890454fe39739868) Importer(815301076,1909f56bfc062723c751e8b465ee728b)
Start importing Assets/Models/Environment/Wall.FBX using Guid(cd89b29b93f735d4890454fe39739868) Importer(815301076,1909f56bfc062723c751e8b465ee728b)  -> (artifact id: 'c9a78648cd78fd3216af0b330b801703') in 0.028165 seconds 
========================================================================
Received Import Request.
  Time since last request: 0.016353 seconds.
  path: Assets/Models/Environment/Blox.FBX
  artifactKey: Guid(6b9fc1d48e3e9874da5b00cc4970419a) Importer(815301076,1909f56bfc062723c751e8b465ee728b)
Start importing Assets/Models/Environment/Blox.FBX using Guid(6b9fc1d48e3e9874da5b00cc4970419a) Importer(815301076,1909f56bfc062723c751e8b465ee728b)  -> (artifact id: 'c7467a74757044495f18d31a56cc664c') in 0.010920 seconds 
========================================================================
Received Import Request.
  Time since last request: 0.017401 seconds.
  path: Assets/Models/Environment/Drawers.fbx
  artifactKey: Guid(a6ec141e423c0ef46a377ffd284c2e2a) Importer(815301076,1909f56bfc062723c751e8b465ee728b)
Start importing Assets/Models/Environment/Drawers.fbx using Guid(a6ec141e423c0ef46a377ffd284c2e2a) Importer(815301076,1909f56bfc062723c751e8b465ee728b)  -> (artifact id: 'df70805090088d51da8b5b68719fc8ef') in 0.013374 seconds 
========================================================================
Received Import Request.
  Time since last request: 0.016342 seconds.
  path: Assets/Models/Environment/Floor.fbx
  artifactKey: Guid(bd3a7a773fe02354da0a4d8dbabd8cbb) Importer(815301076,1909f56bfc062723c751e8b465ee728b)
Start importing Assets/Models/Environment/Floor.fbx using Guid(bd3a7a773fe02354da0a4d8dbabd8cbb) Importer(815301076,1909f56bfc062723c751e8b465ee728b)  -> (artifact id: 'ffa549eed499332aa5e16417becb728f') in 0.014205 seconds 
========================================================================
Received Import Request.
  Time since last request: 0.017531 seconds.
  path: Assets/Models/Environment/Train.fbx
  artifactKey: Guid(ffdb71bb9ac69ca4487008cff817971f) Importer(815301076,1909f56bfc062723c751e8b465ee728b)
Start importing Assets/Models/Environment/Train.fbx using Guid(ffdb71bb9ac69ca4487008cff817971f) Importer(815301076,1909f56bfc062723c751e8b465ee728b)  -> (artifact id: '3e5fe9a7af48015e44a63b9bfab61a69') in 0.011094 seconds 
========================================================================
Received Import Request.
  Time since last request: 0.016332 seconds.
  path: Assets/Models/Environment/DollArm.FBX
  artifactKey: Guid(0b3d69fac3e1e5d459f770fb7047fa2e) Importer(815301076,1909f56bfc062723c751e8b465ee728b)
Start importing Assets/Models/Environment/DollArm.FBX using Guid(0b3d69fac3e1e5d459f770fb7047fa2e) Importer(815301076,1909f56bfc062723c751e8b465ee728b)  -> (artifact id: '618dcef2d1e556c6ac8c09585e8879b8') in 0.012410 seconds 
========================================================================
Received Import Request.
  Time since last request: 0.017930 seconds.
  path: Assets/Models/Environment/Dollhouse.fbx
  artifactKey: Guid(eec0a941ebb666b458f6523bd925c87d) Importer(815301076,1909f56bfc062723c751e8b465ee728b)
Start importing Assets/Models/Environment/Dollhouse.fbx using Guid(eec0a941ebb666b458f6523bd925c87d) Importer(815301076,1909f56bfc062723c751e8b465ee728b)  -> (artifact id: '1efcc7c9017c55cdc9280e40e066b76c') in 0.011890 seconds 
========================================================================
Received Import Request.
  Time since last request: 0.016930 seconds.
  path: Assets/Models/Environment/Clock.fbx
  artifactKey: Guid(e03ae68b9fdf406439d6f7e50456dc75) Importer(815301076,1909f56bfc062723c751e8b465ee728b)
Start importing Assets/Models/Environment/Clock.fbx using Guid(e03ae68b9fdf406439d6f7e50456dc75) Importer(815301076,1909f56bfc062723c751e8b465ee728b)  -> (artifact id: 'f720b3117483cd7eaa32edbc4affb8b6') in 0.011506 seconds 
========================================================================
Received Import Request.
  Time since last request: 0.017379 seconds.
  path: Assets/Models/Environment/Bat.fbx
  artifactKey: Guid(9f185e9167e4f99489912e1b6d9899bf) Importer(815301076,1909f56bfc062723c751e8b465ee728b)
Start importing Assets/Models/Environment/Bat.fbx using Guid(9f185e9167e4f99489912e1b6d9899bf) Importer(815301076,1909f56bfc062723c751e8b465ee728b)  -> (artifact id: '753f1865da1c48940c5d55e700ae88b1') in 0.011047 seconds 
========================================================================
Received Import Request.
  Time since last request: 0.014707 seconds.
  path: Assets/Models/Environment/Stool.FBX
  artifactKey: Guid(29339104c7d69b346a4f1585f2be81d8) Importer(815301076,1909f56bfc062723c751e8b465ee728b)
Start importing Assets/Models/Environment/Stool.FBX using Guid(29339104c7d69b346a4f1585f2be81d8) Importer(815301076,1909f56bfc062723c751e8b465ee728b)  -> (artifact id: '187a6e2184c40510fa1207aa9c83c67b') in 0.011664 seconds 
========================================================================
Received Prepare
Registering precompiled user dll's ...
Registered in 0.001032 seconds.
Begin MonoManager ReloadAssembly
Native extension for WindowsStandalone target not found
Native extension for WebGL target not found
Refreshing native plugins compatible for Editor in 0.31 ms, found 0 plugins.
Preloading 0 native plugins for Editor in 0.00 ms.
Mono: successfully reloaded assembly
- Completed reload, in  0.806 seconds
Platform modules already initialized, skipping
Refreshing native plugins compatible for Editor in 0.17 ms, found 0 plugins.
Preloading 0 native plugins for Editor in 0.00 ms.
Unloading 1348 Unused Serialized files (Serialized files now loaded: 0)
System memory in use before: 217.0 MB.
System memory in use after: 217.1 MB.

Unloading 5 unused Assets to reduce memory usage. Loaded Objects now: 1910.
Total: 2.108600 ms (FindLiveObjects: 0.115500 ms CreateObjectMapping: 0.041100 ms MarkObjects: 1.938000 ms  DeleteObjects: 0.013100 ms)

========================================================================
Received Prepare
Registering precompiled user dll's ...
Registered in 0.000989 seconds.
Begin MonoManager ReloadAssembly
Native extension for WindowsStandalone target not found
Native extension for WebGL target not found
Refreshing native plugins compatible for Editor in 0.17 ms, found 0 plugins.
Preloading 0 native plugins for Editor in 0.00 ms.
Mono: successfully reloaded assembly
- Completed reload, in  0.778 seconds
Platform modules already initialized, skipping
Refreshing native plugins compatible for Editor in 0.17 ms, found 0 plugins.
Preloading 0 native plugins for Editor in 0.00 ms.
Unloading 1348 Unused Serialized files (Serialized files now loaded: 0)
System memory in use before: 217.2 MB.
System memory in use after: 217.3 MB.

Unloading 5 unused Assets to reduce memory usage. Loaded Objects now: 1912.
Total: 1.793500 ms (FindLiveObjects: 0.162400 ms CreateObjectMapping: 0.064900 ms MarkObjects: 1.551400 ms  DeleteObjects: 0.014000 ms)

========================================================================
Received Import Request.
  Time since last request: 255.580692 seconds.
  path: Assets/Prefabs/Player.prefab
  artifactKey: Guid(4e5a0d387dc27394b81600988ad0216f) Importer(815301076,1909f56bfc062723c751e8b465ee728b)
Start importing Assets/Prefabs/Player.prefab using Guid(4e5a0d387dc27394b81600988ad0216f) Importer(815301076,1909f56bfc062723c751e8b465ee728b)  -> (artifact id: '6ff950e3b8e8af83c07332d2444553fe') in 0.069784 seconds 
========================================================================
Received Prepare
Registering precompiled user dll's ...
Registered in 0.001020 seconds.
Begin MonoManager ReloadAssembly
Native extension for WindowsStandalone target not found
Native extension for WebGL target not found
Refreshing native plugins compatible for Editor in 0.18 ms, found 0 plugins.
Preloading 0 native plugins for Editor in 0.00 ms.
Mono: successfully reloaded assembly
- Completed reload, in  0.856 seconds
Platform modules already initialized, skipping
Refreshing native plugins compatible for Editor in 0.18 ms, found 0 plugins.
Preloading 0 native plugins for Editor in 0.00 ms.
Unloading 1348 Unused Serialized files (Serialized files now loaded: 0)
System memory in use before: 216.7 MB.
System memory in use after: 216.8 MB.

Unloading 6 unused Assets to reduce memory usage. Loaded Objects now: 1915.
Total: 1.585500 ms (FindLiveObjects: 0.107400 ms CreateObjectMapping: 0.036900 ms MarkObjects: 1.416800 ms  DeleteObjects: 0.023400 ms)

========================================================================
Received Import Request.
  Time since last request: 15.897642 seconds.
  path: Assets/Prefabs/Player.prefab
  artifactKey: Guid(4e5a0d387dc27394b81600988ad0216f) Importer(815301076,1909f56bfc062723c751e8b465ee728b)
Start importing Assets/Prefabs/Player.prefab using Guid(4e5a0d387dc27394b81600988ad0216f) Importer(815301076,1909f56bfc062723c751e8b465ee728b)  -> (artifact id: 'd3d938757b2436ac4c9207793e446d3f') in 0.071727 seconds 
========================================================================
Received Import Request.
  Time since last request: 3.947815 seconds.
  path: Assets/Prefabs/Player.prefab
  artifactKey: Guid(4e5a0d387dc27394b81600988ad0216f) Importer(815301076,1909f56bfc062723c751e8b465ee728b)
Start importing Assets/Prefabs/Player.prefab using Guid(4e5a0d387dc27394b81600988ad0216f) Importer(815301076,1909f56bfc062723c751e8b465ee728b)  -> (artifact id: '86732c438256ab68366f4467e08db28b') in 0.016332 seconds 
========================================================================
Received Import Request.
  Time since last request: 9.142483 seconds.
  path: Assets/Prefabs/Player.prefab
  artifactKey: Guid(4e5a0d387dc27394b81600988ad0216f) Importer(815301076,1909f56bfc062723c751e8b465ee728b)
Start importing Assets/Prefabs/Player.prefab using Guid(4e5a0d387dc27394b81600988ad0216f) Importer(815301076,1909f56bfc062723c751e8b465ee728b)  -> (artifact id: '4c4c8109b0b6c3102ad4c8e6ecb20451') in 0.013304 seconds 
========================================================================
Received Import Request.
  Time since last request: 34.256241 seconds.
  path: Assets/Prefabs/Player.prefab
  artifactKey: Guid(4e5a0d387dc27394b81600988ad0216f) Importer(815301076,1909f56bfc062723c751e8b465ee728b)
Start importing Assets/Prefabs/Player.prefab using Guid(4e5a0d387dc27394b81600988ad0216f) Importer(815301076,1909f56bfc062723c751e8b465ee728b)  -> (artifact id: 'e69671a07b31970b9a3488c17f357fc8') in 0.019125 seconds 
AssetImportWorkerClient::OnTransportError - code=2 error=End of file
