
=== Wed Mar 27 13:51:46 2019

Packages were changed.
Update Mode: updateDependencies

The following packages were added:
  com.unity.timeline@1.0.0
  com.unity.multiplayer-hlapi@1.0.1
  com.unity.xr.legacyinputhelpers@1.0.0
The following packages were updated:
  com.unity.analytics from version 3.2.2 to 3.3.2
  com.unity.package-manager-ui from version 2.0.3 to 2.1.1

=== Fri Mar 29 13:33:48 2019

Packages were changed.
Update Mode: updateDependencies

The following packages were added:
  com.unity.analytics@3.3.2
  com.unity.purchasing@2.0.1
  com.unity.ads@2.0.8
  com.unity.textmeshpro@2.0.0
  com.unity.collab-proxy@1.2.15
  com.unity.multiplayer-hlapi@1.0.1
  com.unity.xr.legacyinputhelpers@2.0.2

=== Thu Apr  4 18:03:33 2019

Packages were changed.
Update Mode: updateDependencies

The following packages were updated:
  com.unity.package-manager-ui from version 2.1.1 to 2.1.2
